[INFO  - 2018-10-15T09:03:46.552Z] GhostDriver - Main - running on port 60833
[INFO  - 2018-10-15T09:03:47.520Z] Session [39ccccf0-d059-11e8-89ce-677f4689720a] - page.settings - {"XSSAuditingEnabled":false,"javascriptCanCloseWindows":true,"javascriptCanOpenWindows":true,"javascriptEnabled":true,"loadImages":true,"localToRemoteUrlAccessEnabled":false,"userAgent":"Mozilla/5.0 (Unknown; Linux x86_64) AppleWebKit/538.1 (KHTML, like Gecko) PhantomJS/2.1.1 Safari/538.1","webSecurityEnabled":true}
[INFO  - 2018-10-15T09:03:47.520Z] Session [39ccccf0-d059-11e8-89ce-677f4689720a] - page.customHeaders:  - {}
[INFO  - 2018-10-15T09:03:47.520Z] Session [39ccccf0-d059-11e8-89ce-677f4689720a] - Session.negotiatedCapabilities - {"browserName":"phantomjs","version":"2.1.1","driverName":"ghostdriver","driverVersion":"1.2.0","platform":"linux-unknown-64bit","javascriptEnabled":true,"takesScreenshot":true,"handlesAlerts":false,"databaseEnabled":false,"locationContextEnabled":false,"applicationCacheEnabled":false,"browserConnectionEnabled":false,"cssSelectorsEnabled":true,"webStorageEnabled":false,"rotatable":false,"acceptSslCerts":false,"nativeEvents":true,"proxy":{"proxyType":"direct"}}
[INFO  - 2018-10-15T09:03:47.520Z] SessionManagerReqHand - _postNewSessionCommand - New Session Created: 39ccccf0-d059-11e8-89ce-677f4689720a
[ERROR - 2018-10-15T09:03:50.174Z] Session [39ccccf0-d059-11e8-89ce-677f4689720a] - page.onError - msg: TypeError: undefined is not a function (evaluating 'pathLocation.includes('freeagents')')

  phantomjs://platform/console++.js:263 in error
[ERROR - 2018-10-15T09:03:50.174Z] Session [39ccccf0-d059-11e8-89ce-677f4689720a] - page.onError - stack:
  global code (http://www.nba.com/history/awards/coach-of-the-year:173)

  phantomjs://platform/console++.js:263 in error
[ERROR - 2018-10-15T09:03:51.414Z] Session [39ccccf0-d059-11e8-89ce-677f4689720a] - page.onError - msg: ReferenceError: Can't find variable: Set

  phantomjs://platform/console++.js:263 in error
[ERROR - 2018-10-15T09:03:51.414Z] Session [39ccccf0-d059-11e8-89ce-677f4689720a] - page.onError - stack:
  (anonymous function) (http://turnip.cdn.turner.com/top/core/1.3.0/default/top.sdk.min.js:1)
  P7s (http://turnip.cdn.turner.com/top/core/1.3.0/default/top.sdk.min.js:1)
  (anonymous function) (http://turnip.cdn.turner.com/top/core/1.3.0/default/top.sdk.min.js:1)
  (anonymous function) (http://turnip.cdn.turner.com/top/core/1.3.0/default/top.sdk.min.js:1)
  k7s (http://turnip.cdn.turner.com/top/core/1.3.0/default/top.sdk.min.js:1)
  (anonymous function) (http://turnip.cdn.turner.com/top/core/1.3.0/default/top.sdk.min.js:1)
  O6e (http://turnip.cdn.turner.com/top/core/1.3.0/default/top.sdk.min.js:1)
  (anonymous function) (http://turnip.cdn.turner.com/top/core/1.3.0/default/top.sdk.min.js:1)
  (anonymous function) (http://turnip.cdn.turner.com/top/core/1.3.0/default/top.sdk.min.js:1)
  (anonymous function) (http://turnip.cdn.turner.com/top/core/1.3.0/default/top.sdk.min.js:1)
  O6e (http://turnip.cdn.turner.com/top/core/1.3.0/default/top.sdk.min.js:1)
  (anonymous function) (http://turnip.cdn.turner.com/top/core/1.3.0/default/top.sdk.min.js:1)
  (anonymous function) (http://turnip.cdn.turner.com/top/core/1.3.0/default/top.sdk.min.js:1)
  m6e (http://turnip.cdn.turner.com/top/core/1.3.0/default/top.sdk.min.js:1)

  phantomjs://platform/console++.js:263 in error
